<?xml version="1.0" encoding="UTF-8"?>
<!-- Generated by org.testng.reporters.JUnitXMLReporter -->
<testsuite hostname="LSTKEN48291" ignored="0" name="Default test" tests="44" failures="0" timestamp="2019-10-04T10:38:12 PDT" time="2.918" errors="0">
  <testcase name="prueba1" time="0.009" classname="org.softtek.tests.test"/>
  <testcase name="prueba1" time="0.002" classname="org.softtek.tests.test"/>
  <testcase name="prueba1" time="0.002" classname="org.softtek.tests.test"/>
  <testcase name="prueba1" time="0.002" classname="org.softtek.tests.test"/>
  <testcase name="prueba1" time="0.004" classname="org.softtek.tests.test"/>
  <testcase name="prueba1" time="0.002" classname="org.softtek.tests.test"/>
  <testcase name="prueba1" time="0.006" classname="org.softtek.tests.test"/>
  <testcase name="prueba1" time="0.002" classname="org.softtek.tests.test"/>
  <testcase name="prueba1" time="0.002" classname="org.softtek.tests.test"/>
  <testcase name="prueba1" time="0.003" classname="org.softtek.tests.test"/>
  <testcase name="prueba1" time="0.001" classname="org.softtek.tests.test"/>
  <testcase name="prueba1" time="0.003" classname="org.softtek.tests.test"/>
  <testcase name="prueba1" time="0.001" classname="org.softtek.tests.test"/>
  <testcase name="prueba1" time="0.001" classname="org.softtek.tests.test"/>
  <testcase name="prueba1" time="0.001" classname="org.softtek.tests.test"/>
  <testcase name="prueba1" time="0.002" classname="org.softtek.tests.test"/>
  <testcase name="prueba1" time="0.001" classname="org.softtek.tests.test"/>
  <testcase name="prueba1" time="0.001" classname="org.softtek.tests.test"/>
  <testcase name="prueba1" time="0.001" classname="org.softtek.tests.test"/>
  <testcase name="prueba1" time="0.0" classname="org.softtek.tests.test"/>
  <testcase name="prueba1" time="0.002" classname="org.softtek.tests.test"/>
  <testcase name="prueba1" time="0.002" classname="org.softtek.tests.test"/>
  <testcase name="prueba1" time="0.009" classname="org.softtek.tests.test"/>
  <testcase name="prueba1" time="0.001" classname="org.softtek.tests.test"/>
  <testcase name="prueba1" time="0.002" classname="org.softtek.tests.test"/>
  <testcase name="prueba1" time="0.001" classname="org.softtek.tests.test"/>
  <testcase name="prueba1" time="0.002" classname="org.softtek.tests.test"/>
  <testcase name="prueba1" time="0.002" classname="org.softtek.tests.test"/>
  <testcase name="prueba1" time="0.001" classname="org.softtek.tests.test"/>
  <testcase name="prueba1" time="0.001" classname="org.softtek.tests.test"/>
  <testcase name="prueba1" time="0.016" classname="org.softtek.tests.test"/>
  <testcase name="prueba1" time="0.002" classname="org.softtek.tests.test"/>
  <testcase name="prueba1" time="0.001" classname="org.softtek.tests.test"/>
  <testcase name="prueba1" time="0.001" classname="org.softtek.tests.test"/>
  <testcase name="prueba1" time="0.001" classname="org.softtek.tests.test"/>
  <testcase name="prueba1" time="0.003" classname="org.softtek.tests.test"/>
  <testcase name="prueba1" time="0.001" classname="org.softtek.tests.test"/>
  <testcase name="prueba1" time="0.001" classname="org.softtek.tests.test"/>
  <testcase name="prueba1" time="0.002" classname="org.softtek.tests.test"/>
  <testcase name="prueba1" time="0.001" classname="org.softtek.tests.test"/>
  <testcase name="prueba1" time="0.004" classname="org.softtek.tests.test"/>
  <testcase name="prueba1" time="0.004" classname="org.softtek.tests.test"/>
  <testcase name="prueba1" time="0.008" classname="org.softtek.tests.test"/>
  <testcase name="prueba1" time="0.005" classname="org.softtek.tests.test"/>
</testsuite> <!-- Default test -->
