<?xml version="1.0" encoding="UTF-8"?>
<testng-results skipped="0" failed="0" ignored="0" total="1" passed="1">
  <reporter-output>
  </reporter-output>
  <suite name="Default suite" duration-ms="22679" started-at="2019-10-04T10:54:08 PDT" finished-at="2019-10-04T10:54:30 PDT">
    <groups>
    </groups>
    <test name="Default test" duration-ms="22679" started-at="2019-10-04T10:54:08 PDT" finished-at="2019-10-04T10:54:30 PDT">
      <class name="org.softtek.tests.test">
        <test-method status="PASS" signature="setGoogleSheet()[pri:0, instance:org.softtek.tests.test@3d99d22e]" name="setGoogleSheet" is-config="true" duration-ms="601" started-at="2019-10-04T10:54:07 PDT" finished-at="2019-10-04T10:54:08 PDT">
          <reporter-output>
          </reporter-output>
        </test-method> <!-- setGoogleSheet -->
        <test-method status="PASS" signature="setUp()[pri:0, instance:org.softtek.tests.test@3d99d22e]" name="setUp" is-config="true" duration-ms="22387" started-at="2019-10-04T10:54:08 PDT" finished-at="2019-10-04T10:54:30 PDT">
          <reporter-output>
          </reporter-output>
        </test-method> <!-- setUp -->
        <test-method status="PASS" signature="prueba1([Ljava.lang.String;)[pri:0, instance:org.softtek.tests.test@3d99d22e]" name="prueba1" duration-ms="6" started-at="2019-10-04T10:54:30 PDT" description="Test Case for Register an user" data-provider="DataGoogleSheets" finished-at="2019-10-04T10:54:30 PDT">
          <params>
            <param index="0">
              <value>
                <![CDATA[[Ljava.lang.String;@6986bbaf]]>
              </value>
            </param>
          </params>
          <reporter-output>
          </reporter-output>
        </test-method> <!-- prueba1 -->
      </class> <!-- org.softtek.tests.test -->
    </test> <!-- Default test -->
  </suite> <!-- Default suite -->
</testng-results>
